0 info it worked if it ends with ok
1 verbose cli [ '/usr/bin/node', '/usr/bin/npm', 'install', '-g', 'n' ]
2 info using npm@3.10.10
3 info using node@v6.12.2
4 silly loadCurrentTree Starting
5 silly install loadCurrentTree
6 silly install readGlobalPackageData
7 silly fetchPackageMetaData n
8 silly fetchNamedPackageData n
9 silly mapToRegistry name n
10 silly mapToRegistry using default registry
11 silly mapToRegistry registry https://registry.npmjs.org/
12 silly mapToRegistry data Result {
12 silly mapToRegistry   raw: 'n',
12 silly mapToRegistry   scope: null,
12 silly mapToRegistry   escapedName: 'n',
12 silly mapToRegistry   name: 'n',
12 silly mapToRegistry   rawSpec: '',
12 silly mapToRegistry   spec: 'latest',
12 silly mapToRegistry   type: 'tag' }
13 silly mapToRegistry uri https://registry.npmjs.org/n
14 verbose request uri https://registry.npmjs.org/n
15 verbose request no auth needed
16 info attempt registry request try #1 at 19:22:31
17 verbose request id 7b6f342063fcc2ad
18 verbose etag "5af0eba1-12b3d"
19 verbose lastModified Tue, 8 May 2018 0:13:21 GMT
20 http request GET https://registry.npmjs.org/n
21 http 304 https://registry.npmjs.org/n
22 verbose headers { date: 'Tue, 15 May 2018 11:22:31 GMT',
22 verbose headers   via: '1.1 varnish',
22 verbose headers   'cache-control': 'max-age=300',
22 verbose headers   etag: '"5af0eba1-12b3d"',
22 verbose headers   age: '8704',
22 verbose headers   connection: 'keep-alive',
22 verbose headers   'x-served-by': 'cache-hkg17932-HKG',
22 verbose headers   'x-cache': 'HIT',
22 verbose headers   'x-cache-hits': '2',
22 verbose headers   'x-timer': 'S1526383351.446167,VS0,VE0',
22 verbose headers   vary: 'Accept-Encoding, Accept' }
23 silly get cb [ 304,
23 silly get   { date: 'Tue, 15 May 2018 11:22:31 GMT',
23 silly get     via: '1.1 varnish',
23 silly get     'cache-control': 'max-age=300',
23 silly get     etag: '"5af0eba1-12b3d"',
23 silly get     age: '8704',
23 silly get     connection: 'keep-alive',
23 silly get     'x-served-by': 'cache-hkg17932-HKG',
23 silly get     'x-cache': 'HIT',
23 silly get     'x-cache-hits': '2',
23 silly get     'x-timer': 'S1526383351.446167,VS0,VE0',
23 silly get     vary: 'Accept-Encoding, Accept' } ]
24 verbose etag https://registry.npmjs.org/n from cache
25 verbose get saving n to /home/Operating/.npm/registry.npmjs.org/n/.cache.json
26 verbose correctMkdir /home/Operating/.npm correctMkdir not in flight; initializing
27 silly install normalizeTree
28 silly loadCurrentTree Finishing
29 silly loadIdealTree Starting
30 silly install loadIdealTree
31 silly cloneCurrentTree Starting
32 silly install cloneCurrentTreeToIdealTree
33 silly cloneCurrentTree Finishing
34 silly loadShrinkwrap Starting
35 silly install loadShrinkwrap
36 silly loadShrinkwrap Finishing
37 silly loadAllDepsIntoIdealTree Starting
38 silly install loadAllDepsIntoIdealTree
39 silly resolveWithNewModule n@2.1.10 checking installable status
40 silly cache add args [ 'n', null ]
41 verbose cache add spec n
42 silly cache add parsed spec Result {
42 silly cache add   raw: 'n',
42 silly cache add   scope: null,
42 silly cache add   escapedName: 'n',
42 silly cache add   name: 'n',
42 silly cache add   rawSpec: '',
42 silly cache add   spec: 'latest',
42 silly cache add   type: 'tag' }
43 silly addNamed n@latest
44 verbose addNamed "latest" is being treated as a dist-tag for n
45 info addNameTag [ 'n', 'latest' ]
46 silly mapToRegistry name n
47 silly mapToRegistry using default registry
48 silly mapToRegistry registry https://registry.npmjs.org/
49 silly mapToRegistry data Result {
49 silly mapToRegistry   raw: 'n',
49 silly mapToRegistry   scope: null,
49 silly mapToRegistry   escapedName: 'n',
49 silly mapToRegistry   name: 'n',
49 silly mapToRegistry   rawSpec: '',
49 silly mapToRegistry   spec: 'latest',
49 silly mapToRegistry   type: 'tag' }
50 silly mapToRegistry uri https://registry.npmjs.org/n
51 verbose addNameTag registry:https://registry.npmjs.org/n not in flight; fetching
52 verbose get https://registry.npmjs.org/n not expired, no request
53 silly addNameTag next cb for n with tag latest
54 silly addNamed n@2.1.10
55 verbose addNamed "2.1.10" is a plain semver version for n
56 silly cache afterAdd n@2.1.10
57 verbose afterAdd /home/Operating/.npm/n/2.1.10/package/package.json not in flight; writing
58 verbose correctMkdir /home/Operating/.npm correctMkdir not in flight; initializing
59 verbose afterAdd /home/Operating/.npm/n/2.1.10/package/package.json written
60 silly loadAllDepsIntoIdealTree Finishing
61 silly loadIdealTree Finishing
62 silly currentTree lib
62 silly currentTree └── n@2.1.10
63 silly idealTree lib
63 silly idealTree └── n@2.1.10
64 silly generateActionsToTake Starting
65 silly install generateActionsToTake
66 warn checkPermissions Missing write access to /usr/lib/node_modules/n
67 warn checkPermissions Missing write access to /usr/lib/node_modules
68 silly rollbackFailedOptional Starting
69 silly rollbackFailedOptional Finishing
70 silly runTopLevelLifecycles Finishing
71 silly install printInstalled
72 verbose stack Error: EACCES: permission denied, access '/usr/lib/node_modules/n'
72 verbose stack     at Error (native)
73 verbose cwd /home/Operating/rn/demo
74 error Linux 4.14.13-300.fc27.x86_64
75 error argv "/usr/bin/node" "/usr/bin/npm" "install" "-g" "n"
76 error node v6.12.2
77 error npm  v3.10.10
78 error path /usr/lib/node_modules/n
79 error code EACCES
80 error errno -13
81 error syscall access
82 error Error: EACCES: permission denied, access '/usr/lib/node_modules/n'
82 error     at Error (native)
82 error  { Error: EACCES: permission denied, access '/usr/lib/node_modules/n'
82 error     at Error (native)
82 error   errno: -13,
82 error   code: 'EACCES',
82 error   syscall: 'access',
82 error   path: '/usr/lib/node_modules/n' }
83 error Please try running this command again as root/Administrator.
84 verbose exit [ -13, true ]
